[2023-09-17T18:18:28.014] [WARN] default - 项目启动成功！端口：6000
[2023-09-17T18:21:41.301] [WARN] default - 项目启动成功！端口：6000
[2023-09-17T18:27:44.517] [WARN] default - 项目启动成功！端口：6000
[2023-09-17T18:30:12.409] [WARN] default - 项目启动成功！端口：6000
[2023-09-17T18:32:21.190] [WARN] default - 项目启动成功！端口：6000
[2023-09-17T18:33:35.952] [WARN] default - 项目启动成功！端口：6000
[2023-09-17T18:34:38.862] [WARN] default - 项目启动成功！端口：6000
[2023-09-17T18:34:43.179] [WARN] default - 637657
[2023-09-17T18:41:24.746] [WARN] default - 项目启动成功！端口：6000
[2023-09-17T18:41:29.178] [WARN] default - 124136
[2023-09-17T18:50:00.189] [WARN] default - 项目启动成功！端口：6000
[2023-09-17T18:50:32.041] [ERROR] default - Error: This version of MySQL doesn't yet support 'item type for JSON'
    at PromisePool.execute (D:\ProjectDocumentStorage\private_project\ToDos\back_end\node_modules\mysql2\promise.js:374:22)
    at modifyPasswordSQL (D:\ProjectDocumentStorage\private_project\ToDos\back_end\model\userModel.js:51:36)
    at forgetPassword (D:\ProjectDocumentStorage\private_project\ToDos\back_end\controller\userController.js:152:35)
    at process.processTicksAndRejections (node:internal/process/task_queues:95:5) {
  code: 'ER_NOT_SUPPORTED_YET',
  errno: 1235,
  sql: 'UPDATE sys_user SET pwd=? WHERE uid=?',
  sqlState: '42000',
  sqlMessage: "This version of MySQL doesn't yet support 'item type for JSON'"
}
[2023-09-17T18:54:29.154] [WARN] default - 项目启动成功！端口：6000
[2023-09-17T18:55:04.970] [WARN] default - { uid: 1 } $2b$15$oyd5brviCELetR1B/NWEjeAcRZI0Df23MBC0T.2p7WbbOZO24cR5G
[2023-09-17T18:55:04.972] [ERROR] default - Error: This version of MySQL doesn't yet support 'item type for JSON'
    at PromisePool.execute (D:\ProjectDocumentStorage\private_project\ToDos\back_end\node_modules\mysql2\promise.js:374:22)
    at modifyPasswordSQL (D:\ProjectDocumentStorage\private_project\ToDos\back_end\model\userModel.js:51:36)
    at forgetPassword (D:\ProjectDocumentStorage\private_project\ToDos\back_end\controller\userController.js:154:35)
    at process.processTicksAndRejections (node:internal/process/task_queues:95:5) {
  code: 'ER_NOT_SUPPORTED_YET',
  errno: 1235,
  sql: 'UPDATE sys_user SET pwd=? WHERE uid=?',
  sqlState: '42000',
  sqlMessage: "This version of MySQL doesn't yet support 'item type for JSON'"
}
[2023-09-17T18:55:35.939] [WARN] default - 项目启动成功！端口：6000
[2023-09-17T18:56:40.365] [WARN] default - { uid: 1 } $2b$15$bi/eLKw8.hxVnpAN5an4oOT3EZoam6MqizNa.4TvoUfjD5X8PFgNS
[2023-09-17T18:56:57.386] [WARN] default - 项目启动成功！端口：6000
[2023-09-17T18:58:23.570] [WARN] default - 项目启动成功！端口：6000
[2023-09-17T19:01:43.648] [WARN] default - 项目启动成功！端口：6000
[2023-09-17T19:02:32.525] [WARN] default - 项目启动成功！端口：6000
[2023-09-17T19:02:51.035] [WARN] default - 项目启动成功！端口：6000
[2023-09-17T19:06:51.720] [WARN] default - 项目启动成功！端口：6000
[2023-09-17T20:05:07.834] [WARN] default - 项目启动成功！端口：6000
[2023-09-17T20:08:36.688] [WARN] default - 项目启动成功！端口：6000
[2023-09-17T23:09:47.428] [WARN] default - 项目启动成功！端口：6000
